<?xml version="1.0" encoding="UTF-8"?>
<!-- Generated by org.testng.reporters.JUnitReportReporter -->
<testsuite hostname="DESKTOP-IBGV9GV" failures="0" tests="1" name="BasicTestScript.ToSendAMailAndVerify" time="0.045" errors="0" timestamp="2023-02-08T21:38:55 PST" skipped="0">
  <testcase classname="BasicTestScript.ToSendAMailAndVerify" name="sendAMailAndVerify" time="0.045"/>
  <system-out/>
</testsuite> <!-- BasicTestScript.ToSendAMailAndVerify -->
